[2025-05-20 22:36:42] [INFO] ✅ Redis 연결 성공
[2025-05-21 09:13:12] [INFO] ✅ Redis 연결 성공
[2025-05-21 11:05:59] [INFO] ✅ Redis 연결 성공
[2025-05-21 11:07:12] [INFO] ✅ Redis 연결 성공
[2025-05-21 11:07:45] [INFO] ✅ Redis 연결 성공
[2025-05-21 11:07:48] [INFO] ✅ Redis 연결 성공
[2025-05-21 11:08:12] [INFO] ✅ Redis 연결 성공
[2025-05-21 11:08:19] [INFO] ✅ Redis 연결 성공
[2025-05-21 11:08:31] [INFO] ✅ Redis 연결 성공
[2025-05-21 11:12:56] [INFO] ✅ Redis 연결 성공
[2025-05-21 11:46:32] [INFO] ✅ Redis 연결 성공
[2025-05-21 17:40:59] [INFO] ✅ Redis 연결 성공
[2025-05-21 20:56:11] [INFO] ✅ Redis 연결 성공
[2025-05-21 20:56:20] [INFO] ✅ Redis 연결 성공
[2025-05-21 20:56:26] [INFO] ✅ Redis 연결 성공
[2025-05-21 20:57:03] [INFO] ✅ Redis 연결 성공
[2025-05-21 20:57:05] [INFO] ✅ Redis 연결 성공
[2025-05-21 20:58:20] [INFO] ✅ Redis 연결 성공
[2025-05-21 20:58:31] [INFO] ✅ Redis 연결 성공
[2025-05-21 20:59:27] [INFO] ✅ Redis 연결 성공
[2025-05-21 22:01:00] [INFO] ✅ Redis 연결 성공
[2025-05-21 22:01:07] [INFO] [1_1. send otp] :: frank.virus0325@gmail.com
[2025-05-21 22:01:07] [INFO] [1_3. send otp] :: generate otp - frank.virus0325@gmail.com
[2025-05-21 22:01:11] [INFO] [1_3. send otp] :: send otp to email - frank.virus0325@gmail.com
[2025-05-21 22:01:11] [INFO] [1_4. send otp] :: send response to FE - frank.virus0325@gmail.com
[2025-05-21 22:04:32] [INFO] [1_1. verify otp] :: frank.virus0325@gmail.com
[2025-05-21 22:04:32] [INFO] [1_2. verify otp] :: fail verify otp - frank.virus0325@gmail.com
[2025-05-21 22:04:37] [INFO] [1_1. send otp] :: frank.virus0325@gmail.com
[2025-05-21 22:04:37] [INFO] [1_3. send otp] :: generate otp - frank.virus0325@gmail.com
[2025-05-21 22:04:40] [INFO] [1_3. send otp] :: send otp to email - frank.virus0325@gmail.com
[2025-05-21 22:04:40] [INFO] [1_4. send otp] :: send response to FE - frank.virus0325@gmail.com
[2025-05-21 22:04:55] [INFO] [1_1. verify otp] :: frank.virus0325@gmail.com
[2025-05-21 22:04:55] [INFO] [1_2. verify otp] :: fail verify otp - frank.virus0325@gmail.com
[2025-05-21 22:05:02] [INFO] [1_1. verify otp] :: frank.virus0325@gmail.com
[2025-05-21 22:05:02] [INFO] [OTP 검증 성공] frank.virus0325@gmail.com
[2025-05-21 22:05:02] [INFO] [1_2. verify otp] :: success verify otp - frank.virus0325@gmail.com
[2025-05-21 22:05:02] [INFO] [1_3. verify otp] :: success with - frank.virus0325@gmail.com
